生成启动时间为 2018/1/26 17:10:16。
     1>项目“E:\PHP\note\gitHub\font\c\指针\指针\指针.vcxproj”在节点 2 上(Build 个目标)。
     1>ClCompile:
         D:\Program Files (x86)\vs2012\VC\bin\CL.exe /c /ZI /nologo /W3 /WX- /Od /Oy- /D WIN32 /D _DEBUG /D _CONSOLE /D _UNICODE /D UNICODE /Gm /EHsc /RTC1 /MDd /GS /fp:precise /Zc:wchar_t /Zc:forScope /Fo"Debug\\" /Fd"Debug\vc110.pdb" /Gd /TC /analyze- /errorReport:prompt "结构体作函数参数进阶.c"
         结构体作函数参数进阶.c
     1>e:\php\note\github\font\c\指针\指针\结构体作函数参数进阶.c(43): warning C4013: “malloc”未定义；假设外部返回 int
     1>e:\php\note\github\font\c\指针\指针\结构体作函数参数进阶.c(60): warning C4013: “memset”未定义；假设外部返回 int
     1>e:\php\note\github\font\c\指针\指针\结构体作函数参数进阶.c(109): warning C4013: “free”未定义；假设外部返回 int
     1>e:\php\note\github\font\c\指针\指针\结构体作函数参数进阶.c(144): warning C4996: 'scanf': This function or variable may be unsafe. Consider using scanf_s instead. To disable deprecation, use _CRT_SECURE_NO_WARNINGS. See online help for details.
                 d:\program files (x86)\vs2012\vc\include\stdio.h(290) : 参见“scanf”的声明
     1>e:\php\note\github\font\c\指针\指针\结构体作函数参数进阶.c(147): warning C4996: 'scanf': This function or variable may be unsafe. Consider using scanf_s instead. To disable deprecation, use _CRT_SECURE_NO_WARNINGS. See online help for details.
                 d:\program files (x86)\vs2012\vc\include\stdio.h(290) : 参见“scanf”的声明
     1>e:\php\note\github\font\c\指针\指针\结构体作函数参数进阶.c(150): warning C4996: 'scanf': This function or variable may be unsafe. Consider using scanf_s instead. To disable deprecation, use _CRT_SECURE_NO_WARNINGS. See online help for details.
                 d:\program files (x86)\vs2012\vc\include\stdio.h(290) : 参见“scanf”的声明
     1>e:\php\note\github\font\c\指针\指针\结构体作函数参数进阶.c(155): warning C4996: 'scanf': This function or variable may be unsafe. Consider using scanf_s instead. To disable deprecation, use _CRT_SECURE_NO_WARNINGS. See online help for details.
                 d:\program files (x86)\vs2012\vc\include\stdio.h(290) : 参见“scanf”的声明
     1>e:\php\note\github\font\c\指针\指针\结构体作函数参数进阶.c(170): warning C4013: “system”未定义；假设外部返回 int
       Link:
         D:\Program Files (x86)\vs2012\VC\bin\link.exe /ERRORREPORT:PROMPT /OUT:"E:\PHP\note\gitHub\font\c\指针\Debug\指针.exe" /INCREMENTAL /NOLOGO kernel32.lib user32.lib gdi32.lib winspool.lib comdlg32.lib advapi32.lib shell32.lib ole32.lib oleaut32.lib uuid.lib odbc32.lib odbccp32.lib /MANIFEST /MANIFESTUAC:"level='asInvoker' uiAccess='false'" /manifest:embed /DEBUG /PDB:"E:\PHP\note\gitHub\font\c\指针\Debug\指针.pdb" /SUBSYSTEM:CONSOLE /TLBID:1 /DYNAMICBASE /NXCOMPAT /IMPLIB:"E:\PHP\note\gitHub\font\c\指针\Debug\指针.lib" /MACHINE:X86 "Debug\两头堵.obj"
         "Debug\字符串反转.obj"
         "Debug\源.obj"
         "Debug\结构体.obj"
         "Debug\结构体作函数参数.obj"
         "Debug\结构体作函数参数进阶.obj"
         "Debug\递归.obj"
         指针.vcxproj -> E:\PHP\note\gitHub\font\c\指针\Debug\指针.exe
     1>已完成生成项目“E:\PHP\note\gitHub\font\c\指针\指针\指针.vcxproj”(Build 个目标)的操作。

生成成功。

已用时间 00:00:00.39
